[14-06-04 12:34:49] ExeaMediaPlayer [INFO]: Player started!
[14-06-04 12:34:49] ExeaMediaPlayer [INFO]: The url of the streaming is: http://stream02.exeamedia.com:8080/hec_players
[14-06-04 12:34:49] ExeaMediaPlayer [INFO]: The name of the radio is: LaRadioOriginal
[14-06-04 12:34:57] ExeaMediaPlayer [INFO]: Checking Internet... [OK]
[14-06-04 12:34:57] ExeaMediaPlayer [INFO]: Playing streamming from http://stream02.exeamedia.com:8080/hec_players
[14-06-04 12:35:06] ExeaMediaPlayer [INFO]: Checking Internet... [OK]
[14-06-04 12:35:29] ExeaMediaPlayer [INFO]: Checking Internet... [OK]
[14-06-04 12:35:54] ExeaMediaPlayer [INFO]: Checking Internet... [OK]
[14-06-04 12:36:18] ExeaMediaPlayer [INFO]: Checking Internet... [OK]
[14-06-04 12:36:41] ExeaMediaPlayer [INFO]: Checking Internet... [OK]
[14-06-04 12:37:02] ExeaMediaPlayer [INFO]: Checking Internet... [OK]
[14-06-04 12:37:13] ExeaMediaPlayer [INFO]: Player started!
[14-06-04 12:37:13] ExeaMediaPlayer [INFO]: The url of the streaming is: http://stream02.exeamedia.com:8080/hec_players
[14-06-04 12:37:13] ExeaMediaPlayer [INFO]: The name of the radio is: LaRadioOriginal
[14-06-04 12:37:27] ExeaMediaPlayer [INFO]: Player started!
[14-06-04 12:37:27] ExeaMediaPlayer [INFO]: The url of the streaming is: http://stream02.exeamedia.com:8080/hec_players
[14-06-04 12:37:27] ExeaMediaPlayer [INFO]: The name of the radio is: LaRadioOriginal
[14-06-04 12:37:27] ExeaMediaPlayer [INFO]: Button reset pressed... [OK]
[14-06-04 12:37:51] ExeaMediaPlayer [INFO]: Player started!
[14-06-04 12:37:51] ExeaMediaPlayer [INFO]: The url of the streaming is: http://stream02.exeamedia.com:8080/hec_players
[14-06-04 12:37:51] ExeaMediaPlayer [INFO]: The name of the radio is: LaRadioOriginal
[14-06-04 12:38:22] ExeaMediaPlayer [INFO]: Checking Internet... [OK]
[14-06-04 12:38:22] ExeaMediaPlayer [INFO]: Playing streamming from http://stream02.exeamedia.com:8080/hec_players
[14-06-04 12:38:29] ExeaMediaPlayer [INFO]: Checking Internet... [OK]
[14-06-04 12:38:45] ExeaMediaPlayer [INFO]: Button restart pressed... [OK]
[14-06-04 12:38:49] ExeaMediaPlayer [INFO]: Player started!
[14-06-04 12:38:49] ExeaMediaPlayer [INFO]: The url of the streaming is: http://stream02.exeamedia.com:8080/hec_players
[14-06-04 12:38:49] ExeaMediaPlayer [INFO]: The name of the radio is: LaRadioOriginal
[14-06-04 12:38:54] ExeaMediaPlayer [INFO]: Checking Internet... [OK]
[14-06-04 12:38:54] ExeaMediaPlayer [INFO]: Playing streamming from http://stream02.exeamedia.com:8080/hec_players
[14-06-04 12:39:02] ExeaMediaPlayer [INFO]: Checking Internet... [OK]
[14-06-04 12:39:27] ExeaMediaPlayer [INFO]: Checking Internet... [OK]
[14-06-04 12:39:53] ExeaMediaPlayer [INFO]: Player started!
[14-06-04 12:39:53] ExeaMediaPlayer [INFO]: The url of the streaming is: http://stream02.exeamedia.com:8080/hec_players
[14-06-04 12:39:53] ExeaMediaPlayer [INFO]: The name of the radio is: LaRadioOriginal
[14-06-04 12:39:57] ExeaMediaPlayer [INFO]: Checking Internet... [OK]
[14-06-04 12:39:57] ExeaMediaPlayer [INFO]: Playing streamming from http://stream02.exeamedia.com:8080/hec_players
[14-06-04 12:40:01] ExeaMediaPlayer [INFO]: Button restart pressed... [OK]
[14-06-04 12:40:06] ExeaMediaPlayer [INFO]: Player started!
[14-06-04 12:40:06] ExeaMediaPlayer [INFO]: The url of the streaming is: http://stream02.exeamedia.com:8080/hec_players
[14-06-04 12:40:06] ExeaMediaPlayer [INFO]: The name of the radio is: LaRadioOriginal
[14-06-04 12:40:11] ExeaMediaPlayer [INFO]: Checking Internet... [OK]
[14-06-04 12:40:11] ExeaMediaPlayer [INFO]: Playing streamming from http://stream02.exeamedia.com:8080/hec_players
[14-06-04 12:40:19] ExeaMediaPlayer [INFO]: Checking Internet... [OK]
[14-06-04 12:40:38] ExeaMediaPlayer [INFO]: Checking Internet... [OK]
[14-06-04 12:40:38] ExeaMediaPlayer [INFO]: Button restart pressed... [OK]
[14-06-04 12:40:43] ExeaMediaPlayer [INFO]: Player started!
[14-06-04 12:40:43] ExeaMediaPlayer [INFO]: The url of the streaming is: http://stream02.exeamedia.com:8080/hec_players
[14-06-04 12:40:43] ExeaMediaPlayer [INFO]: The name of the radio is: LaRadioOriginal
[14-06-04 12:40:48] ExeaMediaPlayer [INFO]: Checking Internet... [OK]
[14-06-04 12:40:48] ExeaMediaPlayer [INFO]: Playing streamming from http://stream02.exeamedia.com:8080/hec_players
[14-06-04 12:40:54] ExeaMediaPlayer [INFO]: Checking Internet... [OK]
[14-06-04 12:41:05] ExeaMediaPlayer [INFO]: Button reset pressed... [OK]
[14-06-04 12:41:30] ExeaMediaPlayer [INFO]: Player started!
[14-06-04 12:41:30] ExeaMediaPlayer [INFO]: The url of the streaming is: http://stream02.exeamedia.com:8080/hec_players
[14-06-04 12:41:30] ExeaMediaPlayer [INFO]: The name of the radio is: LaRadioOriginal
[14-06-04 12:41:56] ExeaMediaPlayer [INFO]: Checking Internet... [OK]
[14-06-04 12:41:56] ExeaMediaPlayer [INFO]: Playing streamming from http://stream02.exeamedia.com:8080/hec_players
[14-06-04 12:42:05] ExeaMediaPlayer [INFO]: Checking Internet... [OK]
[14-06-04 12:42:26] ExeaMediaPlayer [INFO]: Checking Internet... [OK]
[14-06-04 12:42:46] ExeaMediaPlayer [INFO]: Checking Internet... [OK]
[14-06-04 12:43:05] ExeaMediaPlayer [INFO]: Checking Internet... [OK]
[14-06-04 12:43:24] ExeaMediaPlayer [INFO]: Checking Internet... [OK]
[14-06-04 12:43:30] ExeaMediaPlayer [INFO]: Button reset pressed... [OK]
[14-06-04 12:43:54] ExeaMediaPlayer [INFO]: Player started!
[14-06-04 12:43:54] ExeaMediaPlayer [INFO]: The url of the streaming is: http://stream02.exeamedia.com:8080/hec_players
[14-06-04 12:43:54] ExeaMediaPlayer [INFO]: The name of the radio is: LaRadioOriginal
[14-06-04 12:44:19] ExeaMediaPlayer [INFO]: Checking Internet... [OK]
[14-06-04 12:44:19] ExeaMediaPlayer [INFO]: Playing streamming from http://stream02.exeamedia.com:8080/hec_players
[14-06-04 12:44:25] ExeaMediaPlayer [INFO]: Checking Internet... [OK]
[14-06-04 12:44:46] ExeaMediaPlayer [INFO]: Checking Internet... [OK]
[14-06-04 12:45:06] ExeaMediaPlayer [INFO]: Checking Internet... [OK]
[14-06-04 12:45:26] ExeaMediaPlayer [INFO]: Checking Internet... [OK]
[14-06-04 12:45:43] ExeaMediaPlayer [INFO]: Button restart pressed... [OK]
[14-06-04 12:45:48] ExeaMediaPlayer [INFO]: Player started!
[14-06-04 12:45:48] ExeaMediaPlayer [INFO]: The url of the streaming is: http://stream02.exeamedia.com:8080/hec_players
[14-06-04 12:45:48] ExeaMediaPlayer [INFO]: The name of the radio is: LaRadioOriginal
[14-06-04 12:45:53] ExeaMediaPlayer [INFO]: Checking Internet... [OK]
[14-06-04 12:45:53] ExeaMediaPlayer [INFO]: Playing streamming from http://stream02.exeamedia.com:8080/hec_players
[14-06-04 12:45:59] ExeaMediaPlayer [INFO]: Checking Internet... [OK]
[14-06-04 12:46:20] ExeaMediaPlayer [INFO]: Checking Internet... [OK]
[14-06-04 12:46:41] ExeaMediaPlayer [WARNING]: Checking Internet... [Failed]
[14-06-04 12:46:42] ExeaMediaPlayer [INFO]: Playing backup
[14-06-04 12:46:58] ExeaMediaPlayer [WARNING]: Checking Internet... [Failed]
[14-06-04 12:47:18] ExeaMediaPlayer [INFO]: Checking Internet... [OK]
[14-06-04 12:47:18] ExeaMediaPlayer [INFO]: Playing streamming from http://stream02.exeamedia.com:8080/hec_players
[14-06-04 12:47:38] ExeaMediaPlayer [INFO]: Checking Internet... [OK]
[14-06-04 12:47:59] ExeaMediaPlayer [INFO]: Checking Internet... [OK]
[14-06-04 12:48:21] ExeaMediaPlayer [INFO]: Checking Internet... [OK]
[14-06-04 12:48:41] ExeaMediaPlayer [INFO]: Checking Internet... [OK]
[14-06-04 12:49:01] ExeaMediaPlayer [INFO]: Checking Internet... [OK]
[14-06-04 12:49:21] ExeaMediaPlayer [INFO]: Checking Internet... [OK]
[14-06-04 12:49:41] ExeaMediaPlayer [INFO]: Checking Internet... [OK]
[14-06-04 12:50:01] ExeaMediaPlayer [INFO]: Checking Internet... [OK]
[14-06-04 12:50:23] ExeaMediaPlayer [INFO]: Checking Internet... [OK]
[14-06-04 12:50:43] ExeaMediaPlayer [INFO]: Checking Internet... [OK]
[14-06-04 12:51:04] ExeaMediaPlayer [INFO]: Checking Internet... [OK]
[14-06-04 12:51:26] ExeaMediaPlayer [INFO]: Checking Internet... [OK]
[14-06-04 12:51:46] ExeaMediaPlayer [INFO]: Checking Internet... [OK]
[14-06-04 12:52:06] ExeaMediaPlayer [INFO]: Checking Internet... [OK]
[14-06-04 12:52:27] ExeaMediaPlayer [INFO]: Checking Internet... [OK]
[14-06-04 12:52:47] ExeaMediaPlayer [INFO]: Checking Internet... [OK]
[14-06-04 12:53:07] ExeaMediaPlayer [INFO]: Checking Internet... [OK]
